<?xml version="1.0" encoding="UTF-8"?>
<!-- Generated by org.testng.reporters.JUnitReportReporter -->
<testsuite hostname="DESKTOP-V4N81SJ" failures="0" tests="2" name="com.example.NewTest" time="2.357" errors="0" timestamp="2023-09-04T11:40:46 IST" skipped="0">
  <testcase classname="com.example.NewTest" name="f" time="1.420">
    <system-out>
      <![CDATA[went to test1 and url is opened ]]>
    </system-out>
  </testcase> <!-- f -->
  <testcase classname="com.example.NewTest" name="f" time="0.937">
    <system-out>
      <![CDATA[went to test1 and url is opened ]]>
    </system-out>
  </testcase> <!-- f -->
  <system-out>
    <![CDATA[went to test1 and url is opened 
went to test1 and url is opened ]]>
  </system-out>
</testsuite> <!-- com.example.NewTest -->
