<?xml version="1.0" encoding="UTF-8"?>
<!-- Generated by org.testng.reporters.JUnitReportReporter -->
<testsuite hostname="DESKTOP-V4N81SJ" failures="0" tests="1" name="com.example.NewTest" time="0.019" errors="0" timestamp="2023-09-04T10:52:17 IST" skipped="0">
  <testcase classname="com.example.NewTest" name="test1" time="0.019"/>
</testsuite> <!-- com.example.NewTest -->
