<?xml version="1.0" encoding="UTF-8"?>
<!-- Generated by org.testng.reporters.JUnitReportReporter -->
<testsuite hostname="DESKTOP-V4N81SJ" failures="0" tests="2" name="com.example.NewTest1" time="0.002" errors="0" timestamp="2023-09-04T10:52:17 IST" skipped="0">
  <testcase classname="com.example.NewTest1" name="test4" time="0.001"/>
  <testcase classname="com.example.NewTest1" name="test6" time="0.001"/>
</testsuite> <!-- com.example.NewTest1 -->
