<?xml version="1.0" encoding="UTF-8"?>
<!-- Generated by org.testng.reporters.JUnitReportReporter -->
<testsuite hostname="DESKTOP-V4N81SJ" failures="0" tests="7" name="com.example.NewTest" time="0.043" errors="0" timestamp="2023-09-04T10:08:23 IST" skipped="0">
  <testcase classname="com.example.NewTest" name="signuptest" time="0.021"/>
  <testcase classname="com.example.NewTest" name="signintest" time="0.003"/>
  <testcase classname="com.example.NewTest" name="searchfortickettest" time="0.003"/>
  <testcase classname="com.example.NewTest" name="bookfortickettest" time="0.003"/>
  <testcase classname="com.example.NewTest" name="savethetickettest" time="0.005"/>
  <testcase classname="com.example.NewTest" name="paytheticketetest" time="0.004"/>
  <testcase classname="com.example.NewTest" name="logouttest" time="0.004"/>
</testsuite> <!-- com.example.NewTest -->
